03-08-2022 15:01:38| WARNING  Endpointe veri geldi
03-08-2022 15:01:38| WARNING  Veri preprocesse girdi
03-08-2022 15:01:38| WARNING  Model tahmine basladi
03-08-2022 15:01:38| WARNING   customerID =11;  tahmin edilen sonuc ;0;
03-08-2022 15:01:38| WARNING  --------------------
03-08-2022 15:05:17| WARNING  Endpointe veri geldi
03-08-2022 15:05:17| WARNING  Veri preprocesse girdi
03-08-2022 15:05:17| WARNING  Model tahmine basladi
03-08-2022 15:05:17| WARNING   customerID =11;  tahmin edilen sonuc ;0;
03-08-2022 15:05:17| WARNING  --------------------
03-08-2022 15:06:53| WARNING  Endpointe veri geldi
03-08-2022 15:06:53| WARNING  Veri preprocesse girdi
03-08-2022 15:06:53| WARNING  Model tahmine basladi
03-08-2022 15:06:53| WARNING   customerID =11;  tahmin edilen sonuc ;0;
03-08-2022 15:06:53| WARNING  --------------------
03-08-2022 15:07:23| WARNING  Endpointe veri geldi
03-08-2022 15:07:23| WARNING  Veri preprocesse girdi
03-08-2022 15:07:23| WARNING  Model tahmine basladi
03-08-2022 15:07:23| WARNING   customerID =11;  tahmin edilen sonuc ;0;
03-08-2022 15:07:23| WARNING  --------------------
03-08-2022 15:07:34| WARNING  Endpointe veri geldi
03-08-2022 15:07:34| WARNING  Veri preprocesse girdi
03-08-2022 15:07:34| WARNING  Model tahmine basladi
03-08-2022 15:07:34| WARNING   customerID =21;  tahmin edilen sonuc ;0;
03-08-2022 15:07:34| WARNING  --------------------
03-08-2022 16:03:51| WARNING  Endpointe veri geldi
03-08-2022 16:03:51| WARNING  Veri preprocesse girdi
03-08-2022 16:03:51| WARNING  Model tahmine basladi
03-08-2022 16:03:51| WARNING   customerID =21;  tahmin edilen sonuc ;0;
03-08-2022 16:03:51| WARNING  --------------------
03-08-2022 16:04:27| WARNING  Endpointe veri geldi
03-08-2022 16:04:27| WARNING  Veri preprocesse girdi
03-08-2022 16:04:27| WARNING  Model tahmine basladi
03-08-2022 16:04:27| WARNING   customerID =21;  tahmin edilen sonuc ;0;
03-08-2022 16:04:27| WARNING  --------------------
03-08-2022 16:05:14| WARNING  Endpointe veri geldi
03-08-2022 16:05:14| WARNING  Veri preprocesse girdi
03-08-2022 16:05:14| WARNING  Model tahmine basladi
03-08-2022 16:05:14| WARNING   customerID =21;  tahmin edilen sonuc ;0;
03-08-2022 16:05:14| WARNING  --------------------
03-08-2022 16:05:50| WARNING  Endpointe veri geldi
03-08-2022 16:05:50| WARNING  Veri preprocesse girdi
03-08-2022 16:05:50| WARNING  Model tahmine basladi
03-08-2022 16:05:50| WARNING   customerID =21;  tahmin edilen sonuc ;0;
03-08-2022 16:05:50| WARNING  --------------------
03-08-2022 16:06:19| WARNING  Endpointe veri geldi
03-08-2022 16:06:19| WARNING  Veri preprocesse girdi
03-08-2022 16:06:19| WARNING  Model tahmine basladi
03-08-2022 16:06:19| WARNING   customerID =21;  tahmin edilen sonuc ;0;
03-08-2022 16:06:19| WARNING  --------------------
03-08-2022 16:10:38| WARNING  Endpointe veri geldi
03-08-2022 16:10:38| WARNING  Veri preprocesse girdi
03-08-2022 16:10:38| WARNING  Model tahmine basladi
03-08-2022 16:10:38| WARNING   customerID =21;  tahmin edilen sonuc ;0;
03-08-2022 16:10:38| WARNING  --------------------
